[fahadhossain.com/index.html]
[backblue.gif]
[fade.gif]
[index.html]
[fahadhossain.com/assets/img/goku_hair_grande.png]
[fahadhossain.com/assets/img/images.png]
[fahadhossain.com/index-2.html]
[fahadhossain.com/assets/img/fahad-me-1.png]
[fahadhossain.com/assets/img/obayed.png]
[fahadhossain.com/assets/img/tanzil.png]
[fahadhossain.com/assets/img/testimonials/testimonials-3.jpg]
[fahadhossain.com/assets/img/New folder/Screenshot (832).png]
[fahadhossain.com/assets/img/New folder/1.png]
[fahadhossain.com/portfolio-details.html]
[fahadhossain.com/assets/img/New folder/Screenshot (830).png]
[fahadhossain.com/assets/img/New folder/3.png]
[fahadhossain.com/assets/img/New folder/Screenshot (829).png]
[fahadhossain.com/assets/img/New folder/2.png]
[fahadhossain.com/assets/img/portfolio/portfolio-4.jpg]
[fahadhossain.com/assets/img/portfolio/portfolio-5.jpg]
[fahadhossain.com/assets/img/New folder/Screenshot (831).png]
[fahadhossain.com/assets/img/New folder/4.png]
[fahadhossain.com/assets/vendor/jquery/jquery.min.js]
[fahadhossain.com/assets/vendor/bootstrap/js/bootstrap.bundle.min.js]
[fahadhossain.com/assets/vendor/jquery.easing/jquery.easing.min.js]
[fahadhossain.com/assets/vendor/php-email-form/validate.js]
[fahadhossain.com/assets/vendor/waypoints/jquery.waypoints.min.js]
[fahadhossain.com/assets/vendor/counterup/counterup.min.js]
[fahadhossain.com/assets/vendor/owl.carousel/owl.carousel.min.js]
[fahadhossain.com/assets/vendor/isotope-layout/isotope.pkgd.min.js]
[fahadhossain.com/assets/vendor/venobox/venobox.min.js]
[fahadhossain.com/assets/js/main.js]
[fahadhossain.com/index.html]
[fahadhossain.com/assets/vendor/bootstrap/css/bootstrap.min.css]
[fahadhossain.com/assets/vendor/icofont/fonts/icofont.woff2]
[fahadhossain.com/assets/vendor/icofont/fonts/icofont.woff]
[fahadhossain.com/assets/vendor/icofont/icofont.min.css]
[fahadhossain.com/assets/vendor/remixicon/remixicon7c01.eot]
[fahadhossain.com/assets/vendor/remixicon/remixicon7c01.woff2]
[fahadhossain.com/assets/vendor/remixicon/remixicon7c01.woff]
[fahadhossain.com/assets/vendor/remixicon/remixicon7c01.ttf]
[fahadhossain.com/assets/vendor/remixicon/remixicon.css]
[fahadhossain.com/assets/vendor/owl.carousel/assets/owl.video.play.png]
[fahadhossain.com/assets/vendor/owl.carousel/assets/owl.carousel.min.css]
[fahadhossain.com/assets/vendor/boxicons/fonts/boxicons.eot]
[fahadhossain.com/assets/vendor/boxicons/fonts/boxicons.woff2]
[fahadhossain.com/assets/vendor/boxicons/fonts/boxicons.woff]
[fahadhossain.com/assets/vendor/boxicons/fonts/boxicons.ttf]
[fahadhossain.com/assets/vendor/boxicons/css/boxicons.min.css]
[fahadhossain.com/assets/vendor/venobox/venobox.css]
[fahadhossain.com/assets/css/style.css]
[fahadhossain.com/index-2.html]
[fahadhossain.com/assets/img/favicon.png]
[fahadhossain.com/assets/img/apple-touch-icon.png]
[fahadhossain.com/assets/img/portfolio/portfolio-details-1.jpg]
[fahadhossain.com/assets/img/portfolio/portfolio-details-2.jpg]
[fahadhossain.com/assets/img/portfolio/portfolio-details-3.jpg]
[fahadhossain.com/portfolio-details.html]
[fahadhossain.com/assets/vendor/remixicon/remixicon7c01.svg]
[fahadhossain.com/assets/vendor/boxicons/fonts/boxiconsd41d.svg]
[fahadhossain.com/assets/img/black-water-❤-4k-hd-desktop-wallpaper-for-4k-ultra-hd-tv-•-wide.html]
